{"/Users/johnhaupenthal/Projects/RnStarterKit/src/App.tsx": {"path":"/Users/johnhaupenthal/Projects/RnStarterKit/src/App.tsx","statementMap":{"0":{"start":{"line":7,"column":12},"end":{"line":15,"column":1}},"1":{"start":{"line":8,"column":2},"end":{"line":14,"column":4}}},"fnMap":{"0":{"name":"(anonymous_0)","decl":{"start":{"line":7,"column":12},"end":{"line":7,"column":13}},"loc":{"start":{"line":7,"column":18},"end":{"line":15,"column":1}},"line":7}},"branchMap":{},"s":{"0":1,"1":1},"f":{"0":1},"b":{},"_coverageSchema":"43e27e138ebf9cfc5966b082cf9a028302ed4184","hash":"7393d352b5f3f42268b0e7caaad2c12d0f17eb04"}
,"/Users/johnhaupenthal/Projects/RnStarterKit/src/components/primitives/AbsoluteContainer.tsx": {"path":"/Users/johnhaupenthal/Projects/RnStarterKit/src/components/primitives/AbsoluteContainer.tsx","statementMap":{"0":{"start":{"line":16,"column":22},"end":{"line":16,"column":56}},"1":{"start":{"line":18,"column":33},"end":{"line":45,"column":1}},"2":{"start":{"line":25,"column":29},"end":{"line":34,"column":8}},"3":{"start":{"line":26,"column":18},"end":{"line":26,"column":41}},"4":{"start":{"line":27,"column":4},"end":{"line":32,"column":5}},"5":{"start":{"line":28,"column":6},"end":{"line":31,"column":8}},"6":{"start":{"line":33,"column":4},"end":{"line":33,"column":13}},"7":{"start":{"line":35,"column":23},"end":{"line":35,"column":52}},"8":{"start":{"line":37,"column":25},"end":{"line":39,"column":60}},"9":{"start":{"line":40,"column":2},"end":{"line":44,"column":4}},"10":{"start":{"line":47,"column":15},"end":{"line":66,"column":2}}},"fnMap":{"0":{"name":"(anonymous_0)","decl":{"start":{"line":18,"column":33},"end":{"line":18,"column":34}},"loc":{"start":{"line":24,"column":13},"end":{"line":45,"column":1}},"line":24},"1":{"name":"(anonymous_1)","decl":{"start":{"line":25,"column":50},"end":{"line":25,"column":51}},"loc":{"start":{"line":25,"column":60},"end":{"line":34,"column":3}},"line":25}},"branchMap":{"0":{"loc":{"start":{"line":20,"column":2},"end":{"line":20,"column":28}},"type":"default-arg","locations":[{"start":{"line":20,"column":18},"end":{"line":20,"column":28}}],"line":20},"1":{"loc":{"start":{"line":22,"column":2},"end":{"line":22,"column":12}},"type":"default-arg","locations":[{"start":{"line":22,"column":10},"end":{"line":22,"column":12}}],"line":22},"2":{"loc":{"start":{"line":27,"column":4},"end":{"line":32,"column":5}},"type":"if","locations":[{"start":{"line":27,"column":4},"end":{"line":32,"column":5}},{"start":{"line":27,"column":4},"end":{"line":32,"column":5}}],"line":27},"3":{"loc":{"start":{"line":30,"column":13},"end":{"line":30,"column":50}},"type":"cond-expr","locations":[{"start":{"line":30,"column":41},"end":{"line":30,"column":46}},{"start":{"line":30,"column":49},"end":{"line":30,"column":50}}],"line":30},"4":{"loc":{"start":{"line":35,"column":23},"end":{"line":35,"column":52}},"type":"cond-expr","locations":[{"start":{"line":35,"column":32},"end":{"line":35,"column":45}},{"start":{"line":35,"column":48},"end":{"line":35,"column":52}}],"line":35},"5":{"loc":{"start":{"line":37,"column":25},"end":{"line":39,"column":60}},"type":"cond-expr","locations":[{"start":{"line":38,"column":6},"end":{"line":38,"column":52}},{"start":{"line":39,"column":6},"end":{"line":39,"column":60}}],"line":37}},"s":{"0":2,"1":2,"2":1,"3":4,"4":4,"5":0,"6":4,"7":1,"8":1,"9":1,"10":2},"f":{"0":1,"1":4},"b":{"0":[1],"1":[1],"2":[0,4],"3":[0,0],"4":[0,1],"5":[1,0]},"_coverageSchema":"43e27e138ebf9cfc5966b082cf9a028302ed4184","hash":"746fc831abf5f5ad1f59798011fd9f5c1825e077"}
,"/Users/johnhaupenthal/Projects/RnStarterKit/src/components/primitives/CenteredView.tsx": {"path":"/Users/johnhaupenthal/Projects/RnStarterKit/src/components/primitives/CenteredView.tsx","statementMap":{"0":{"start":{"line":9,"column":28},"end":{"line":13,"column":1}},"1":{"start":{"line":10,"column":26},"end":{"line":10,"column":78}},"2":{"start":{"line":12,"column":2},"end":{"line":12,"column":57}},"3":{"start":{"line":15,"column":15},"end":{"line":21,"column":2}}},"fnMap":{"0":{"name":"(anonymous_0)","decl":{"start":{"line":9,"column":28},"end":{"line":9,"column":29}},"loc":{"start":{"line":9,"column":60},"end":{"line":13,"column":1}},"line":9}},"branchMap":{"0":{"loc":{"start":{"line":10,"column":26},"end":{"line":10,"column":78}},"type":"cond-expr","locations":[{"start":{"line":10,"column":34},"end":{"line":10,"column":59}},{"start":{"line":10,"column":62},"end":{"line":10,"column":78}}],"line":10}},"s":{"0":1,"1":1,"2":1,"3":1},"f":{"0":1},"b":{"0":[0,1]},"_coverageSchema":"43e27e138ebf9cfc5966b082cf9a028302ed4184","hash":"b1660396c2dbf7a5a77856b9a74649931d2af98c"}
,"/Users/johnhaupenthal/Projects/RnStarterKit/src/components/primitives/MasterImage.tsx": {"path":"/Users/johnhaupenthal/Projects/RnStarterKit/src/components/primitives/MasterImage.tsx","statementMap":{"0":{"start":{"line":12,"column":27},"end":{"line":31,"column":1}},"1":{"start":{"line":18,"column":2},"end":{"line":20,"column":3}},"2":{"start":{"line":19,"column":4},"end":{"line":19,"column":16}},"3":{"start":{"line":22,"column":21},"end":{"line":22,"column":50}},"4":{"start":{"line":24,"column":27},"end":{"line":24,"column":67}},"5":{"start":{"line":26,"column":2},"end":{"line":30,"column":4}}},"fnMap":{"0":{"name":"(anonymous_0)","decl":{"start":{"line":12,"column":27},"end":{"line":12,"column":28}},"loc":{"start":{"line":17,"column":13},"end":{"line":31,"column":1}},"line":17}},"branchMap":{"0":{"loc":{"start":{"line":16,"column":2},"end":{"line":16,"column":12}},"type":"default-arg","locations":[{"start":{"line":16,"column":10},"end":{"line":16,"column":12}}],"line":16},"1":{"loc":{"start":{"line":18,"column":2},"end":{"line":20,"column":3}},"type":"if","locations":[{"start":{"line":18,"column":2},"end":{"line":20,"column":3}},{"start":{"line":18,"column":2},"end":{"line":20,"column":3}}],"line":18},"2":{"loc":{"start":{"line":22,"column":21},"end":{"line":22,"column":50}},"type":"cond-expr","locations":[{"start":{"line":22,"column":31},"end":{"line":22,"column":40}},{"start":{"line":22,"column":43},"end":{"line":22,"column":50}}],"line":22},"3":{"loc":{"start":{"line":24,"column":27},"end":{"line":24,"column":67}},"type":"binary-expr","locations":[{"start":{"line":24,"column":27},"end":{"line":24,"column":38}},{"start":{"line":24,"column":42},"end":{"line":24,"column":67}}],"line":24},"4":{"loc":{"start":{"line":26,"column":9},"end":{"line":30,"column":3}},"type":"cond-expr","locations":[{"start":{"line":27,"column":4},"end":{"line":27,"column":68}},{"start":{"line":29,"column":4},"end":{"line":29,"column":72}}],"line":26}},"s":{"0":1,"1":2,"2":1,"3":1,"4":1,"5":1},"f":{"0":2},"b":{"0":[2],"1":[1,1],"2":[0,1],"3":[1,1],"4":[0,1]},"_coverageSchema":"43e27e138ebf9cfc5966b082cf9a028302ed4184","hash":"704f1151f26cde45f377d5366624d33fa84e0228"}
,"/Users/johnhaupenthal/Projects/RnStarterKit/src/components/primitives/MasterText.tsx": {"path":"/Users/johnhaupenthal/Projects/RnStarterKit/src/components/primitives/MasterText.tsx","statementMap":{"0":{"start":{"line":25,"column":24},"end":{"line":35,"column":1}},"1":{"start":{"line":37,"column":26},"end":{"line":58,"column":1}},"2":{"start":{"line":40,"column":2},"end":{"line":42,"column":3}},"3":{"start":{"line":41,"column":4},"end":{"line":41,"column":16}},"4":{"start":{"line":44,"column":24},"end":{"line":44,"column":51}},"5":{"start":{"line":45,"column":27},"end":{"line":45,"column":62}},"6":{"start":{"line":46,"column":42},"end":{"line":48,"column":3}},"7":{"start":{"line":47,"column":34},"end":{"line":47,"column":56}},"8":{"start":{"line":49,"column":21},"end":{"line":49,"column":75}},"9":{"start":{"line":51,"column":29},"end":{"line":51,"column":56}},"10":{"start":{"line":53,"column":2},"end":{"line":57,"column":4}},"11":{"start":{"line":60,"column":15},"end":{"line":99,"column":2}}},"fnMap":{"0":{"name":"(anonymous_0)","decl":{"start":{"line":37,"column":26},"end":{"line":37,"column":27}},"loc":{"start":{"line":37,"column":74},"end":{"line":58,"column":1}},"line":37},"1":{"name":"(anonymous_1)","decl":{"start":{"line":47,"column":25},"end":{"line":47,"column":26}},"loc":{"start":{"line":47,"column":34},"end":{"line":47,"column":56}},"line":47}},"branchMap":{"0":{"loc":{"start":{"line":40,"column":2},"end":{"line":42,"column":3}},"type":"if","locations":[{"start":{"line":40,"column":2},"end":{"line":42,"column":3}},{"start":{"line":40,"column":2},"end":{"line":42,"column":3}}],"line":40}},"s":{"0":2,"1":2,"2":3,"3":1,"4":2,"5":2,"6":2,"7":9,"8":2,"9":2,"10":2,"11":2},"f":{"0":3,"1":9},"b":{"0":[1,2]},"_coverageSchema":"43e27e138ebf9cfc5966b082cf9a028302ed4184","hash":"50816e651dcef26ee04e411616d456628b272044"}
,"/Users/johnhaupenthal/Projects/RnStarterKit/src/components/primitives/Row.tsx": {"path":"/Users/johnhaupenthal/Projects/RnStarterKit/src/components/primitives/Row.tsx","statementMap":{"0":{"start":{"line":16,"column":24},"end":{"line":16,"column":69}},"1":{"start":{"line":18,"column":19},"end":{"line":45,"column":1}},"2":{"start":{"line":19,"column":2},"end":{"line":21,"column":3}},"3":{"start":{"line":20,"column":4},"end":{"line":20,"column":16}},"4":{"start":{"line":23,"column":24},"end":{"line":29,"column":8}},"5":{"start":{"line":24,"column":18},"end":{"line":24,"column":36}},"6":{"start":{"line":25,"column":4},"end":{"line":27,"column":5}},"7":{"start":{"line":26,"column":6},"end":{"line":26,"column":51}},"8":{"start":{"line":28,"column":4},"end":{"line":28,"column":13}},"9":{"start":{"line":31,"column":22},"end":{"line":31,"column":48}},"10":{"start":{"line":33,"column":20},"end":{"line":38,"column":4}},"11":{"start":{"line":40,"column":2},"end":{"line":44,"column":4}},"12":{"start":{"line":47,"column":15},"end":{"line":56,"column":2}}},"fnMap":{"0":{"name":"(anonymous_0)","decl":{"start":{"line":18,"column":19},"end":{"line":18,"column":20}},"loc":{"start":{"line":18,"column":68},"end":{"line":45,"column":1}},"line":18},"1":{"name":"(anonymous_1)","decl":{"start":{"line":23,"column":47},"end":{"line":23,"column":48}},"loc":{"start":{"line":23,"column":70},"end":{"line":29,"column":3}},"line":23}},"branchMap":{"0":{"loc":{"start":{"line":19,"column":2},"end":{"line":21,"column":3}},"type":"if","locations":[{"start":{"line":19,"column":2},"end":{"line":21,"column":3}},{"start":{"line":19,"column":2},"end":{"line":21,"column":3}}],"line":19},"1":{"loc":{"start":{"line":25,"column":4},"end":{"line":27,"column":5}},"type":"if","locations":[{"start":{"line":25,"column":4},"end":{"line":27,"column":5}},{"start":{"line":25,"column":4},"end":{"line":27,"column":5}}],"line":25},"2":{"loc":{"start":{"line":31,"column":22},"end":{"line":31,"column":48}},"type":"cond-expr","locations":[{"start":{"line":31,"column":31},"end":{"line":31,"column":41}},{"start":{"line":31,"column":44},"end":{"line":31,"column":48}}],"line":31}},"s":{"0":2,"1":2,"2":3,"3":1,"4":2,"5":8,"6":8,"7":4,"8":4,"9":2,"10":2,"11":2,"12":2},"f":{"0":3,"1":8},"b":{"0":[1,2],"1":[4,4],"2":[1,1]},"_coverageSchema":"43e27e138ebf9cfc5966b082cf9a028302ed4184","hash":"758bcea5e63f7840978b1637cab2a7057ba2e179"}
,"/Users/johnhaupenthal/Projects/RnStarterKit/src/components/primitives/Spacer.tsx": {"path":"/Users/johnhaupenthal/Projects/RnStarterKit/src/components/primitives/Spacer.tsx","statementMap":{"0":{"start":{"line":23,"column":22},"end":{"line":58,"column":1}},"1":{"start":{"line":35,"column":26},"end":{"line":35,"column":39}},"2":{"start":{"line":37,"column":15},"end":{"line":41,"column":10}},"3":{"start":{"line":42,"column":21},"end":{"line":42,"column":30}},"4":{"start":{"line":43,"column":22},"end":{"line":43,"column":32}},"5":{"start":{"line":44,"column":21},"end":{"line":44,"column":68}},"6":{"start":{"line":45,"column":20},"end":{"line":45,"column":47}},"7":{"start":{"line":47,"column":4},"end":{"line":50,"column":47}},"8":{"start":{"line":51,"column":21},"end":{"line":54,"column":4}},"9":{"start":{"line":55,"column":23},"end":{"line":55,"column":68}},"10":{"start":{"line":57,"column":2},"end":{"line":57,"column":66}}},"fnMap":{"0":{"name":"(anonymous_0)","decl":{"start":{"line":23,"column":22},"end":{"line":23,"column":23}},"loc":{"start":{"line":34,"column":13},"end":{"line":58,"column":1}},"line":34}},"branchMap":{"0":{"loc":{"start":{"line":25,"column":2},"end":{"line":25,"column":12}},"type":"default-arg","locations":[{"start":{"line":25,"column":11},"end":{"line":25,"column":12}}],"line":25},"1":{"loc":{"start":{"line":26,"column":2},"end":{"line":26,"column":7}},"type":"default-arg","locations":[{"start":{"line":26,"column":6},"end":{"line":26,"column":7}}],"line":26},"2":{"loc":{"start":{"line":27,"column":2},"end":{"line":27,"column":11}},"type":"default-arg","locations":[{"start":{"line":27,"column":10},"end":{"line":27,"column":11}}],"line":27},"3":{"loc":{"start":{"line":28,"column":2},"end":{"line":28,"column":7}},"type":"default-arg","locations":[{"start":{"line":28,"column":6},"end":{"line":28,"column":7}}],"line":28},"4":{"loc":{"start":{"line":37,"column":15},"end":{"line":41,"column":10}},"type":"cond-expr","locations":[{"start":{"line":38,"column":6},"end":{"line":40,"column":9}},{"start":{"line":41,"column":6},"end":{"line":41,"column":10}}],"line":37},"5":{"loc":{"start":{"line":38,"column":6},"end":{"line":40,"column":9}},"type":"cond-expr","locations":[{"start":{"line":39,"column":8},"end":{"line":39,"column":20}},{"start":{"line":40,"column":8},"end":{"line":40,"column":9}}],"line":38},"6":{"loc":{"start":{"line":44,"column":22},"end":{"line":44,"column":39}},"type":"cond-expr","locations":[{"start":{"line":44,"column":32},"end":{"line":44,"column":35}},{"start":{"line":44,"column":38},"end":{"line":44,"column":39}}],"line":44},"7":{"loc":{"start":{"line":44,"column":44},"end":{"line":44,"column":67}},"type":"cond-expr","locations":[{"start":{"line":44,"column":57},"end":{"line":44,"column":63}},{"start":{"line":44,"column":66},"end":{"line":44,"column":67}}],"line":44},"8":{"loc":{"start":{"line":45,"column":20},"end":{"line":45,"column":47}},"type":"cond-expr","locations":[{"start":{"line":45,"column":29},"end":{"line":45,"column":43}},{"start":{"line":45,"column":46},"end":{"line":45,"column":47}}],"line":45},"9":{"loc":{"start":{"line":50,"column":5},"end":{"line":50,"column":46}},"type":"cond-expr","locations":[{"start":{"line":50,"column":19},"end":{"line":50,"column":42}},{"start":{"line":50,"column":45},"end":{"line":50,"column":46}}],"line":50},"10":{"loc":{"start":{"line":55,"column":23},"end":{"line":55,"column":68}},"type":"cond-expr","locations":[{"start":{"line":55,"column":30},"end":{"line":55,"column":55}},{"start":{"line":55,"column":58},"end":{"line":55,"column":68}}],"line":55}},"s":{"0":3,"1":0,"2":0,"3":0,"4":0,"5":0,"6":0,"7":0,"8":0,"9":0,"10":0},"f":{"0":0},"b":{"0":[0],"1":[0],"2":[0],"3":[0],"4":[0,0],"5":[0,0],"6":[0,0],"7":[0,0],"8":[0,0],"9":[0,0],"10":[0,0]},"_coverageSchema":"43e27e138ebf9cfc5966b082cf9a028302ed4184","hash":"c5eac88aa26ac7cdedcb8fcf2dd889805ef056c2"}
,"/Users/johnhaupenthal/Projects/RnStarterKit/src/navigation/AppContainer.tsx": {"path":"/Users/johnhaupenthal/Projects/RnStarterKit/src/navigation/AppContainer.tsx","statementMap":{"0":{"start":{"line":13,"column":27},"end":{"line":24,"column":1}},"1":{"start":{"line":16,"column":16},"end":{"line":16,"column":62}},"2":{"start":{"line":18,"column":2},"end":{"line":21,"column":3}},"3":{"start":{"line":20,"column":4},"end":{"line":20,"column":43}},"4":{"start":{"line":23,"column":2},"end":{"line":23,"column":40}},"5":{"start":{"line":26,"column":28},"end":{"line":60,"column":1}},"6":{"start":{"line":27,"column":23},"end":{"line":27,"column":41}},"7":{"start":{"line":28,"column":26},"end":{"line":28,"column":78}},"8":{"start":{"line":28,"column":52},"end":{"line":28,"column":77}},"9":{"start":{"line":29,"column":29},"end":{"line":31,"column":3}},"10":{"start":{"line":30,"column":11},"end":{"line":30,"column":36}},"11":{"start":{"line":33,"column":24},"end":{"line":47,"column":3}},"12":{"start":{"line":34,"column":4},"end":{"line":36,"column":5}},"13":{"start":{"line":35,"column":6},"end":{"line":35,"column":13}},"14":{"start":{"line":37,"column":30},"end":{"line":37,"column":50}},"15":{"start":{"line":38,"column":29},"end":{"line":38,"column":54}},"16":{"start":{"line":40,"column":4},"end":{"line":44,"column":5}},"17":{"start":{"line":46,"column":4},"end":{"line":46,"column":44}},"18":{"start":{"line":49,"column":2},"end":{"line":59,"column":4}}},"fnMap":{"0":{"name":"(anonymous_0)","decl":{"start":{"line":13,"column":27},"end":{"line":13,"column":28}},"loc":{"start":{"line":15,"column":13},"end":{"line":24,"column":1}},"line":15},"1":{"name":"(anonymous_1)","decl":{"start":{"line":26,"column":28},"end":{"line":26,"column":29}},"loc":{"start":{"line":26,"column":34},"end":{"line":60,"column":1}},"line":26},"2":{"name":"(anonymous_2)","decl":{"start":{"line":28,"column":45},"end":{"line":28,"column":46}},"loc":{"start":{"line":28,"column":52},"end":{"line":28,"column":77}},"line":28},"3":{"name":"(anonymous_3)","decl":{"start":{"line":30,"column":4},"end":{"line":30,"column":5}},"loc":{"start":{"line":30,"column":11},"end":{"line":30,"column":36}},"line":30},"4":{"name":"(anonymous_4)","decl":{"start":{"line":33,"column":24},"end":{"line":33,"column":25}},"loc":{"start":{"line":33,"column":64},"end":{"line":47,"column":3}},"line":33}},"branchMap":{"0":{"loc":{"start":{"line":16,"column":16},"end":{"line":16,"column":62}},"type":"cond-expr","locations":[{"start":{"line":16,"column":30},"end":{"line":16,"column":55}},{"start":{"line":16,"column":58},"end":{"line":16,"column":62}}],"line":16},"1":{"loc":{"start":{"line":18,"column":2},"end":{"line":21,"column":3}},"type":"if","locations":[{"start":{"line":18,"column":2},"end":{"line":21,"column":3}},{"start":{"line":18,"column":2},"end":{"line":21,"column":3}}],"line":18},"2":{"loc":{"start":{"line":23,"column":9},"end":{"line":23,"column":39}},"type":"binary-expr","locations":[{"start":{"line":23,"column":9},"end":{"line":23,"column":20}},{"start":{"line":23,"column":24},"end":{"line":23,"column":39}}],"line":23},"3":{"loc":{"start":{"line":34,"column":4},"end":{"line":36,"column":5}},"type":"if","locations":[{"start":{"line":34,"column":4},"end":{"line":36,"column":5}},{"start":{"line":34,"column":4},"end":{"line":36,"column":5}}],"line":34},"4":{"loc":{"start":{"line":40,"column":4},"end":{"line":44,"column":5}},"type":"if","locations":[{"start":{"line":40,"column":4},"end":{"line":44,"column":5}},{"start":{"line":40,"column":4},"end":{"line":44,"column":5}}],"line":40},"5":{"loc":{"start":{"line":51,"column":7},"end":{"line":57,"column":7}},"type":"cond-expr","locations":[{"start":{"line":52,"column":8},"end":{"line":52,"column":28}},{"start":{"line":53,"column":10},"end":{"line":57,"column":7}}],"line":51},"6":{"loc":{"start":{"line":53,"column":10},"end":{"line":57,"column":7}},"type":"cond-expr","locations":[{"start":{"line":54,"column":8},"end":{"line":54,"column":25}},{"start":{"line":56,"column":8},"end":{"line":56,"column":24}}],"line":53}},"s":{"0":1,"1":0,"2":0,"3":0,"4":0,"5":1,"6":0,"7":0,"8":0,"9":0,"10":0,"11":0,"12":0,"13":0,"14":0,"15":0,"16":0,"17":0,"18":0},"f":{"0":0,"1":0,"2":0,"3":0,"4":0},"b":{"0":[0,0],"1":[0,0],"2":[0,0],"3":[0,0],"4":[0,0],"5":[0,0],"6":[0,0]},"_coverageSchema":"43e27e138ebf9cfc5966b082cf9a028302ed4184","hash":"29117fc6d1b6c6884ff6ddf336c23490f535ff1a"}
,"/Users/johnhaupenthal/Projects/RnStarterKit/src/navigation/types.ts": {"path":"/Users/johnhaupenthal/Projects/RnStarterKit/src/navigation/types.ts","statementMap":{},"fnMap":{},"branchMap":{},"s":{},"f":{},"b":{},"_coverageSchema":"43e27e138ebf9cfc5966b082cf9a028302ed4184","hash":"c0eb08ae61dc2422dde1ddbaa78255b7ab6237c4"}
,"/Users/johnhaupenthal/Projects/RnStarterKit/src/navigation/navigators/RootNavigator.tsx": {"path":"/Users/johnhaupenthal/Projects/RnStarterKit/src/navigation/navigators/RootNavigator.tsx","statementMap":{"0":{"start":{"line":9,"column":18},"end":{"line":9,"column":40}},"1":{"start":{"line":11,"column":29},"end":{"line":80,"column":1}},"2":{"start":{"line":12,"column":34},"end":{"line":14,"column":3}},"3":{"start":{"line":16,"column":2},"end":{"line":23,"column":9}},"4":{"start":{"line":17,"column":4},"end":{"line":17,"column":62}},"5":{"start":{"line":19,"column":4},"end":{"line":21,"column":6}},"6":{"start":{"line":20,"column":6},"end":{"line":20,"column":67}},"7":{"start":{"line":25,"column":31},"end":{"line":30,"column":3}},"8":{"start":{"line":26,"column":4},"end":{"line":28,"column":5}},"9":{"start":{"line":29,"column":4},"end":{"line":29,"column":30}},"10":{"start":{"line":32,"column":2},"end":{"line":79,"column":4}},"11":{"start":{"line":57,"column":65},"end":{"line":75,"column":11}}},"fnMap":{"0":{"name":"(anonymous_0)","decl":{"start":{"line":11,"column":29},"end":{"line":11,"column":30}},"loc":{"start":{"line":11,"column":35},"end":{"line":80,"column":1}},"line":11},"1":{"name":"(anonymous_1)","decl":{"start":{"line":16,"column":12},"end":{"line":16,"column":13}},"loc":{"start":{"line":16,"column":18},"end":{"line":23,"column":3}},"line":16},"2":{"name":"(anonymous_2)","decl":{"start":{"line":19,"column":11},"end":{"line":19,"column":12}},"loc":{"start":{"line":19,"column":17},"end":{"line":21,"column":5}},"line":19},"3":{"name":"(anonymous_3)","decl":{"start":{"line":25,"column":31},"end":{"line":25,"column":32}},"loc":{"start":{"line":25,"column":65},"end":{"line":30,"column":3}},"line":25},"4":{"name":"(anonymous_4)","decl":{"start":{"line":57,"column":33},"end":{"line":57,"column":34}},"loc":{"start":{"line":57,"column":65},"end":{"line":75,"column":11}},"line":57}},"branchMap":{"0":{"loc":{"start":{"line":26,"column":4},"end":{"line":28,"column":5}},"type":"if","locations":[{"start":{"line":26,"column":4},"end":{"line":28,"column":5}},{"start":{"line":26,"column":4},"end":{"line":28,"column":5}}],"line":26},"1":{"loc":{"start":{"line":26,"column":8},"end":{"line":26,"column":62}},"type":"binary-expr","locations":[{"start":{"line":26,"column":8},"end":{"line":26,"column":33}},{"start":{"line":26,"column":37},"end":{"line":26,"column":62}}],"line":26}},"s":{"0":1,"1":1,"2":0,"3":0,"4":0,"5":0,"6":0,"7":0,"8":0,"9":0,"10":0,"11":0},"f":{"0":0,"1":0,"2":0,"3":0,"4":0},"b":{"0":[0,0],"1":[0,0]},"_coverageSchema":"43e27e138ebf9cfc5966b082cf9a028302ed4184","hash":"08cca48c8a3249cb51e80c9099083caa87517d4f"}
,"/Users/johnhaupenthal/Projects/RnStarterKit/src/navigation/navigators/TabNavigator.tsx": {"path":"/Users/johnhaupenthal/Projects/RnStarterKit/src/navigation/navigators/TabNavigator.tsx","statementMap":{"0":{"start":{"line":7,"column":27},"end":{"line":7,"column":53}},"1":{"start":{"line":9,"column":28},"end":{"line":22,"column":1}},"2":{"start":{"line":10,"column":2},"end":{"line":21,"column":4}}},"fnMap":{"0":{"name":"(anonymous_0)","decl":{"start":{"line":9,"column":28},"end":{"line":9,"column":29}},"loc":{"start":{"line":9,"column":34},"end":{"line":22,"column":1}},"line":9}},"branchMap":{},"s":{"0":1,"1":1,"2":0},"f":{"0":0},"b":{},"_coverageSchema":"43e27e138ebf9cfc5966b082cf9a028302ed4184","hash":"ceaf60b0807777fb1d1e70efe1f744fe2f570119"}
,"/Users/johnhaupenthal/Projects/RnStarterKit/src/navigation/navigators/TabOneNavigator.tsx": {"path":"/Users/johnhaupenthal/Projects/RnStarterKit/src/navigation/navigators/TabOneNavigator.tsx","statementMap":{"0":{"start":{"line":7,"column":30},"end":{"line":7,"column":52}},"1":{"start":{"line":9,"column":31},"end":{"line":14,"column":1}},"2":{"start":{"line":10,"column":2},"end":{"line":13,"column":14}}},"fnMap":{"0":{"name":"(anonymous_0)","decl":{"start":{"line":9,"column":31},"end":{"line":9,"column":32}},"loc":{"start":{"line":10,"column":2},"end":{"line":13,"column":14}},"line":10}},"branchMap":{},"s":{"0":1,"1":1,"2":0},"f":{"0":0},"b":{},"_coverageSchema":"43e27e138ebf9cfc5966b082cf9a028302ed4184","hash":"ad2c44ce4a93d978c9da7c57b103998d0ac4da9b"}
,"/Users/johnhaupenthal/Projects/RnStarterKit/src/navigation/navigators/TabTwoNavigator.tsx": {"path":"/Users/johnhaupenthal/Projects/RnStarterKit/src/navigation/navigators/TabTwoNavigator.tsx","statementMap":{"0":{"start":{"line":7,"column":30},"end":{"line":7,"column":52}},"1":{"start":{"line":9,"column":31},"end":{"line":14,"column":1}},"2":{"start":{"line":10,"column":2},"end":{"line":13,"column":14}}},"fnMap":{"0":{"name":"(anonymous_0)","decl":{"start":{"line":9,"column":31},"end":{"line":9,"column":32}},"loc":{"start":{"line":10,"column":2},"end":{"line":13,"column":14}},"line":10}},"branchMap":{},"s":{"0":1,"1":1,"2":0},"f":{"0":0},"b":{},"_coverageSchema":"43e27e138ebf9cfc5966b082cf9a028302ed4184","hash":"84224c2a8937f50b1e105f2cc1a0ca46f36dafd2"}
,"/Users/johnhaupenthal/Projects/RnStarterKit/src/screens/login/OnboardingScreen.tsx": {"path":"/Users/johnhaupenthal/Projects/RnStarterKit/src/screens/login/OnboardingScreen.tsx","statementMap":{"0":{"start":{"line":12,"column":17},"end":{"line":18,"column":1}},"1":{"start":{"line":13,"column":2},"end":{"line":17,"column":9}},"2":{"start":{"line":20,"column":17},"end":{"line":26,"column":1}},"3":{"start":{"line":21,"column":2},"end":{"line":25,"column":9}},"4":{"start":{"line":28,"column":19},"end":{"line":41,"column":1}},"5":{"start":{"line":29,"column":32},"end":{"line":31,"column":3}},"6":{"start":{"line":30,"column":11},"end":{"line":30,"column":39}},"7":{"start":{"line":33,"column":2},"end":{"line":40,"column":4}},"8":{"start":{"line":38,"column":44},"end":{"line":38,"column":71}},"9":{"start":{"line":43,"column":19},"end":{"line":86,"column":1}},"10":{"start":{"line":50,"column":21},"end":{"line":50,"column":65}},"11":{"start":{"line":50,"column":63},"end":{"line":50,"column":64}},"12":{"start":{"line":51,"column":15},"end":{"line":51,"column":46}},"13":{"start":{"line":53,"column":26},"end":{"line":78,"column":3}},"14":{"start":{"line":54,"column":17},"end":{"line":54,"column":50}},"15":{"start":{"line":58,"column":23},"end":{"line":58,"column":75}},"16":{"start":{"line":59,"column":19},"end":{"line":59,"column":38}},"17":{"start":{"line":60,"column":20},"end":{"line":64,"column":6}},"18":{"start":{"line":66,"column":18},"end":{"line":70,"column":6}},"19":{"start":{"line":72,"column":18},"end":{"line":75,"column":5}},"20":{"start":{"line":77,"column":4},"end":{"line":77,"column":70}},"21":{"start":{"line":80,"column":2},"end":{"line":85,"column":4}},"22":{"start":{"line":88,"column":32},"end":{"line":107,"column":1}},"23":{"start":{"line":89,"column":22},"end":{"line":89,"column":33}},"24":{"start":{"line":91,"column":2},"end":{"line":106,"column":4}},"25":{"start":{"line":109,"column":15},"end":{"line":126,"column":2}}},"fnMap":{"0":{"name":"(anonymous_0)","decl":{"start":{"line":12,"column":17},"end":{"line":12,"column":18}},"loc":{"start":{"line":13,"column":2},"end":{"line":17,"column":9}},"line":13},"1":{"name":"(anonymous_1)","decl":{"start":{"line":20,"column":17},"end":{"line":20,"column":18}},"loc":{"start":{"line":21,"column":2},"end":{"line":25,"column":9}},"line":21},"2":{"name":"(anonymous_2)","decl":{"start":{"line":28,"column":19},"end":{"line":28,"column":20}},"loc":{"start":{"line":28,"column":25},"end":{"line":41,"column":1}},"line":28},"3":{"name":"(anonymous_3)","decl":{"start":{"line":30,"column":4},"end":{"line":30,"column":5}},"loc":{"start":{"line":30,"column":11},"end":{"line":30,"column":39}},"line":30},"4":{"name":"(anonymous_4)","decl":{"start":{"line":38,"column":38},"end":{"line":38,"column":39}},"loc":{"start":{"line":38,"column":44},"end":{"line":38,"column":71}},"line":38},"5":{"name":"(anonymous_5)","decl":{"start":{"line":43,"column":19},"end":{"line":43,"column":20}},"loc":{"start":{"line":49,"column":6},"end":{"line":86,"column":1}},"line":49},"6":{"name":"(anonymous_6)","decl":{"start":{"line":50,"column":53},"end":{"line":50,"column":54}},"loc":{"start":{"line":50,"column":63},"end":{"line":50,"column":64}},"line":50},"7":{"name":"(anonymous_7)","decl":{"start":{"line":53,"column":26},"end":{"line":53,"column":27}},"loc":{"start":{"line":53,"column":45},"end":{"line":78,"column":3}},"line":53},"8":{"name":"(anonymous_8)","decl":{"start":{"line":88,"column":32},"end":{"line":88,"column":33}},"loc":{"start":{"line":88,"column":38},"end":{"line":107,"column":1}},"line":88}},"branchMap":{"0":{"loc":{"start":{"line":74,"column":21},"end":{"line":74,"column":35}},"type":"cond-expr","locations":[{"start":{"line":74,"column":30},"end":{"line":74,"column":31}},{"start":{"line":74,"column":34},"end":{"line":74,"column":35}}],"line":74}},"s":{"0":1,"1":0,"2":1,"3":0,"4":1,"5":0,"6":0,"7":0,"8":0,"9":1,"10":0,"11":0,"12":0,"13":0,"14":0,"15":0,"16":0,"17":0,"18":0,"19":0,"20":0,"21":0,"22":1,"23":0,"24":0,"25":1},"f":{"0":0,"1":0,"2":0,"3":0,"4":0,"5":0,"6":0,"7":0,"8":0},"b":{"0":[0,0]},"_coverageSchema":"43e27e138ebf9cfc5966b082cf9a028302ed4184","hash":"236809ea1c44ac89656146b74fcfd5682973796f"}
,"/Users/johnhaupenthal/Projects/RnStarterKit/src/screens/login/SplashScreen.tsx": {"path":"/Users/johnhaupenthal/Projects/RnStarterKit/src/screens/login/SplashScreen.tsx","statementMap":{"0":{"start":{"line":5,"column":28},"end":{"line":24,"column":1}},"1":{"start":{"line":6,"column":29},"end":{"line":8,"column":3}},"2":{"start":{"line":7,"column":11},"end":{"line":7,"column":39}},"3":{"start":{"line":10,"column":20},"end":{"line":13,"column":3}},"4":{"start":{"line":12,"column":4},"end":{"line":12,"column":53}},"5":{"start":{"line":12,"column":21},"end":{"line":12,"column":45}},"6":{"start":{"line":15,"column":2},"end":{"line":17,"column":5}},"7":{"start":{"line":16,"column":4},"end":{"line":16,"column":16}},"8":{"start":{"line":19,"column":2},"end":{"line":23,"column":4}},"9":{"start":{"line":26,"column":15},"end":{"line":32,"column":2}}},"fnMap":{"0":{"name":"(anonymous_0)","decl":{"start":{"line":5,"column":28},"end":{"line":5,"column":29}},"loc":{"start":{"line":5,"column":34},"end":{"line":24,"column":1}},"line":5},"1":{"name":"(anonymous_1)","decl":{"start":{"line":7,"column":4},"end":{"line":7,"column":5}},"loc":{"start":{"line":7,"column":11},"end":{"line":7,"column":39}},"line":7},"2":{"name":"(anonymous_2)","decl":{"start":{"line":10,"column":20},"end":{"line":10,"column":21}},"loc":{"start":{"line":10,"column":26},"end":{"line":13,"column":3}},"line":10},"3":{"name":"(anonymous_3)","decl":{"start":{"line":12,"column":15},"end":{"line":12,"column":16}},"loc":{"start":{"line":12,"column":21},"end":{"line":12,"column":45}},"line":12},"4":{"name":"(anonymous_4)","decl":{"start":{"line":15,"column":12},"end":{"line":15,"column":13}},"loc":{"start":{"line":15,"column":18},"end":{"line":17,"column":3}},"line":15}},"branchMap":{},"s":{"0":2,"1":1,"2":1,"3":1,"4":0,"5":0,"6":1,"7":0,"8":1,"9":2},"f":{"0":1,"1":1,"2":0,"3":0,"4":0},"b":{},"_coverageSchema":"43e27e138ebf9cfc5966b082cf9a028302ed4184","hash":"e1daeba1f6ddee1937d5e2b8f857f187cc30571d"}
,"/Users/johnhaupenthal/Projects/RnStarterKit/src/screens/modals/AModal.tsx": {"path":"/Users/johnhaupenthal/Projects/RnStarterKit/src/screens/modals/AModal.tsx","statementMap":{"0":{"start":{"line":9,"column":22},"end":{"line":86,"column":1}},"1":{"start":{"line":13,"column":23},"end":{"line":13,"column":49}},"2":{"start":{"line":14,"column":18},"end":{"line":14,"column":55}},"3":{"start":{"line":14,"column":40},"end":{"line":14,"column":54}},"4":{"start":{"line":16,"column":28},"end":{"line":16,"column":48}},"5":{"start":{"line":17,"column":26},"end":{"line":17,"column":46}},"6":{"start":{"line":19,"column":18},"end":{"line":19,"column":43}},"7":{"start":{"line":19,"column":24},"end":{"line":19,"column":43}},"8":{"start":{"line":21,"column":24},"end":{"line":31,"column":3}},"9":{"start":{"line":22,"column":4},"end":{"line":30,"column":5}},"10":{"start":{"line":23,"column":23},"end":{"line":23,"column":77}},"11":{"start":{"line":24,"column":6},"end":{"line":24,"column":28}},"12":{"start":{"line":25,"column":24},"end":{"line":25,"column":63}},"13":{"start":{"line":26,"column":6},"end":{"line":26,"column":42}},"14":{"start":{"line":27,"column":6},"end":{"line":27,"column":16}},"15":{"start":{"line":29,"column":6},"end":{"line":29,"column":21}},"16":{"start":{"line":33,"column":24},"end":{"line":40,"column":3}},"17":{"start":{"line":34,"column":4},"end":{"line":39,"column":5}},"18":{"start":{"line":35,"column":23},"end":{"line":35,"column":55}},"19":{"start":{"line":36,"column":6},"end":{"line":36,"column":28}},"20":{"start":{"line":38,"column":6},"end":{"line":38,"column":21}},"21":{"start":{"line":42,"column":28},"end":{"line":52,"column":3}},"22":{"start":{"line":43,"column":4},"end":{"line":51,"column":5}},"23":{"start":{"line":44,"column":23},"end":{"line":44,"column":65}},"24":{"start":{"line":45,"column":6},"end":{"line":45,"column":28}},"25":{"start":{"line":46,"column":24},"end":{"line":46,"column":63}},"26":{"start":{"line":47,"column":6},"end":{"line":47,"column":42}},"27":{"start":{"line":48,"column":6},"end":{"line":48,"column":16}},"28":{"start":{"line":50,"column":6},"end":{"line":50,"column":21}},"29":{"start":{"line":54,"column":2},"end":{"line":85,"column":4}},"30":{"start":{"line":66,"column":31},"end":{"line":66,"column":42}},"31":{"start":{"line":77,"column":31},"end":{"line":77,"column":41}},"32":{"start":{"line":88,"column":15},"end":{"line":111,"column":2}}},"fnMap":{"0":{"name":"(anonymous_0)","decl":{"start":{"line":9,"column":22},"end":{"line":9,"column":23}},"loc":{"start":{"line":12,"column":39},"end":{"line":86,"column":1}},"line":12},"1":{"name":"(anonymous_1)","decl":{"start":{"line":14,"column":33},"end":{"line":14,"column":34}},"loc":{"start":{"line":14,"column":40},"end":{"line":14,"column":54}},"line":14},"2":{"name":"(anonymous_2)","decl":{"start":{"line":19,"column":18},"end":{"line":19,"column":19}},"loc":{"start":{"line":19,"column":24},"end":{"line":19,"column":43}},"line":19},"3":{"name":"(anonymous_3)","decl":{"start":{"line":21,"column":24},"end":{"line":21,"column":25}},"loc":{"start":{"line":21,"column":36},"end":{"line":31,"column":3}},"line":21},"4":{"name":"(anonymous_4)","decl":{"start":{"line":33,"column":24},"end":{"line":33,"column":25}},"loc":{"start":{"line":33,"column":36},"end":{"line":40,"column":3}},"line":33},"5":{"name":"(anonymous_5)","decl":{"start":{"line":42,"column":28},"end":{"line":42,"column":29}},"loc":{"start":{"line":42,"column":40},"end":{"line":52,"column":3}},"line":42},"6":{"name":"(anonymous_6)","decl":{"start":{"line":66,"column":24},"end":{"line":66,"column":25}},"loc":{"start":{"line":66,"column":31},"end":{"line":66,"column":42}},"line":66},"7":{"name":"(anonymous_7)","decl":{"start":{"line":77,"column":24},"end":{"line":77,"column":25}},"loc":{"start":{"line":77,"column":31},"end":{"line":77,"column":41}},"line":77}},"branchMap":{},"s":{"0":2,"1":0,"2":0,"3":0,"4":0,"5":0,"6":0,"7":0,"8":0,"9":0,"10":0,"11":0,"12":0,"13":0,"14":0,"15":0,"16":0,"17":0,"18":0,"19":0,"20":0,"21":0,"22":0,"23":0,"24":0,"25":0,"26":0,"27":0,"28":0,"29":0,"30":0,"31":0,"32":2},"f":{"0":0,"1":0,"2":0,"3":0,"4":0,"5":0,"6":0,"7":0},"b":{},"_coverageSchema":"43e27e138ebf9cfc5966b082cf9a028302ed4184","hash":"e5ed71b63a2e62f15c683c0b411733377ff2ba3c"}
,"/Users/johnhaupenthal/Projects/RnStarterKit/src/screens/tabOne/AScreen.tsx": {"path":"/Users/johnhaupenthal/Projects/RnStarterKit/src/screens/tabOne/AScreen.tsx","statementMap":{"0":{"start":{"line":5,"column":23},"end":{"line":23,"column":1}},"1":{"start":{"line":6,"column":2},"end":{"line":22,"column":4}},"2":{"start":{"line":10,"column":23},"end":{"line":10,"column":60}},"3":{"start":{"line":15,"column":10},"end":{"line":17,"column":12}},"4":{"start":{"line":25,"column":15},"end":{"line":31,"column":2}}},"fnMap":{"0":{"name":"(anonymous_0)","decl":{"start":{"line":5,"column":23},"end":{"line":5,"column":24}},"loc":{"start":{"line":5,"column":78},"end":{"line":23,"column":1}},"line":5},"1":{"name":"(anonymous_1)","decl":{"start":{"line":10,"column":17},"end":{"line":10,"column":18}},"loc":{"start":{"line":10,"column":23},"end":{"line":10,"column":60}},"line":10},"2":{"name":"(anonymous_2)","decl":{"start":{"line":14,"column":17},"end":{"line":14,"column":18}},"loc":{"start":{"line":15,"column":10},"end":{"line":17,"column":12}},"line":15}},"branchMap":{},"s":{"0":2,"1":1,"2":0,"3":0,"4":2},"f":{"0":1,"1":0,"2":0},"b":{},"_coverageSchema":"43e27e138ebf9cfc5966b082cf9a028302ed4184","hash":"d1f8439acf21e05fdbc8551b5ed7d2f176d309b9"}
,"/Users/johnhaupenthal/Projects/RnStarterKit/src/screens/tabOne/BScreen.tsx": {"path":"/Users/johnhaupenthal/Projects/RnStarterKit/src/screens/tabOne/BScreen.tsx","statementMap":{"0":{"start":{"line":5,"column":23},"end":{"line":17,"column":1}},"1":{"start":{"line":6,"column":18},"end":{"line":9,"column":6}},"2":{"start":{"line":7,"column":4},"end":{"line":9,"column":6}},"3":{"start":{"line":11,"column":2},"end":{"line":16,"column":4}},"4":{"start":{"line":19,"column":15},"end":{"line":25,"column":2}}},"fnMap":{"0":{"name":"(anonymous_0)","decl":{"start":{"line":5,"column":23},"end":{"line":5,"column":24}},"loc":{"start":{"line":5,"column":78},"end":{"line":17,"column":1}},"line":5},"1":{"name":"(anonymous_1)","decl":{"start":{"line":6,"column":18},"end":{"line":6,"column":19}},"loc":{"start":{"line":7,"column":4},"end":{"line":9,"column":6}},"line":7}},"branchMap":{},"s":{"0":2,"1":1,"2":0,"3":1,"4":2},"f":{"0":1,"1":0},"b":{},"_coverageSchema":"43e27e138ebf9cfc5966b082cf9a028302ed4184","hash":"a3555204437f147da7866bd3d2bb1fbd580d5fef"}
,"/Users/johnhaupenthal/Projects/RnStarterKit/src/screens/tabTwo/CScreen.tsx": {"path":"/Users/johnhaupenthal/Projects/RnStarterKit/src/screens/tabTwo/CScreen.tsx","statementMap":{"0":{"start":{"line":5,"column":23},"end":{"line":14,"column":1}},"1":{"start":{"line":6,"column":18},"end":{"line":6,"column":61}},"2":{"start":{"line":6,"column":24},"end":{"line":6,"column":61}},"3":{"start":{"line":8,"column":2},"end":{"line":13,"column":4}},"4":{"start":{"line":16,"column":15},"end":{"line":22,"column":2}}},"fnMap":{"0":{"name":"(anonymous_0)","decl":{"start":{"line":5,"column":23},"end":{"line":5,"column":24}},"loc":{"start":{"line":5,"column":78},"end":{"line":14,"column":1}},"line":5},"1":{"name":"(anonymous_1)","decl":{"start":{"line":6,"column":18},"end":{"line":6,"column":19}},"loc":{"start":{"line":6,"column":24},"end":{"line":6,"column":61}},"line":6}},"branchMap":{},"s":{"0":2,"1":1,"2":0,"3":1,"4":2},"f":{"0":1,"1":0},"b":{},"_coverageSchema":"43e27e138ebf9cfc5966b082cf9a028302ed4184","hash":"64e2089010cfa511c2416b33a7a9198f6ee0a179"}
,"/Users/johnhaupenthal/Projects/RnStarterKit/src/screens/tabTwo/DScreen.tsx": {"path":"/Users/johnhaupenthal/Projects/RnStarterKit/src/screens/tabTwo/DScreen.tsx","statementMap":{"0":{"start":{"line":5,"column":23},"end":{"line":17,"column":1}},"1":{"start":{"line":6,"column":18},"end":{"line":9,"column":6}},"2":{"start":{"line":7,"column":4},"end":{"line":9,"column":6}},"3":{"start":{"line":11,"column":2},"end":{"line":16,"column":4}},"4":{"start":{"line":19,"column":15},"end":{"line":25,"column":2}}},"fnMap":{"0":{"name":"(anonymous_0)","decl":{"start":{"line":5,"column":23},"end":{"line":5,"column":24}},"loc":{"start":{"line":5,"column":78},"end":{"line":17,"column":1}},"line":5},"1":{"name":"(anonymous_1)","decl":{"start":{"line":6,"column":18},"end":{"line":6,"column":19}},"loc":{"start":{"line":7,"column":4},"end":{"line":9,"column":6}},"line":7}},"branchMap":{},"s":{"0":2,"1":1,"2":0,"3":1,"4":2},"f":{"0":1,"1":0},"b":{},"_coverageSchema":"43e27e138ebf9cfc5966b082cf9a028302ed4184","hash":"19eda88911f57800072818525438105f88dee863"}
,"/Users/johnhaupenthal/Projects/RnStarterKit/src/services/auth0.ts": {"path":"/Users/johnhaupenthal/Projects/RnStarterKit/src/services/auth0.ts","statementMap":{"0":{"start":{"line":17,"column":14},"end":{"line":20,"column":2}},"1":{"start":{"line":28,"column":27},"end":{"line":35,"column":4}},"2":{"start":{"line":31,"column":2},"end":{"line":35,"column":4}},"3":{"start":{"line":47,"column":29},"end":{"line":51,"column":4}},"4":{"start":{"line":48,"column":2},"end":{"line":51,"column":4}},"5":{"start":{"line":53,"column":33},"end":{"line":62,"column":4}},"6":{"start":{"line":57,"column":2},"end":{"line":62,"column":4}}},"fnMap":{"0":{"name":"(anonymous_0)","decl":{"start":{"line":28,"column":27},"end":{"line":28,"column":28}},"loc":{"start":{"line":31,"column":2},"end":{"line":35,"column":4}},"line":31},"1":{"name":"(anonymous_1)","decl":{"start":{"line":47,"column":29},"end":{"line":47,"column":30}},"loc":{"start":{"line":48,"column":2},"end":{"line":51,"column":4}},"line":48},"2":{"name":"(anonymous_2)","decl":{"start":{"line":53,"column":33},"end":{"line":53,"column":34}},"loc":{"start":{"line":57,"column":2},"end":{"line":62,"column":4}},"line":57}},"branchMap":{},"s":{"0":2,"1":2,"2":0,"3":2,"4":0,"5":2,"6":0},"f":{"0":0,"1":0,"2":0},"b":{},"_coverageSchema":"43e27e138ebf9cfc5966b082cf9a028302ed4184","hash":"4cf2843d3200059004fa476c9c4ca15a296fa727"}
,"/Users/johnhaupenthal/Projects/RnStarterKit/src/services/storage.ts": {"path":"/Users/johnhaupenthal/Projects/RnStarterKit/src/services/storage.ts","statementMap":{"0":{"start":{"line":5,"column":23},"end":{"line":18,"column":1}},"1":{"start":{"line":7,"column":4},"end":{"line":10,"column":14}},"2":{"start":{"line":8,"column":19},"end":{"line":8,"column":58}},"3":{"start":{"line":9,"column":6},"end":{"line":9,"column":30}},"4":{"start":{"line":13,"column":4},"end":{"line":13,"column":52}},"5":{"start":{"line":16,"column":4},"end":{"line":16,"column":33}}},"fnMap":{"0":{"name":"(anonymous_0)","decl":{"start":{"line":6,"column":2},"end":{"line":6,"column":3}},"loc":{"start":{"line":6,"column":29},"end":{"line":11,"column":3}},"line":6},"1":{"name":"(anonymous_1)","decl":{"start":{"line":12,"column":2},"end":{"line":12,"column":3}},"loc":{"start":{"line":12,"column":34},"end":{"line":14,"column":3}},"line":12},"2":{"name":"(anonymous_2)","decl":{"start":{"line":15,"column":2},"end":{"line":15,"column":3}},"loc":{"start":{"line":15,"column":26},"end":{"line":17,"column":3}},"line":15}},"branchMap":{"0":{"loc":{"start":{"line":8,"column":19},"end":{"line":8,"column":58}},"type":"binary-expr","locations":[{"start":{"line":8,"column":20},"end":{"line":8,"column":51}},{"start":{"line":8,"column":56},"end":{"line":8,"column":58}}],"line":8}},"s":{"0":4,"1":15,"2":15,"3":9,"4":0,"5":0},"f":{"0":15,"1":0,"2":0},"b":{"0":[15,9]},"_coverageSchema":"43e27e138ebf9cfc5966b082cf9a028302ed4184","hash":"a00e25e3f3a45270465212db28125ea6470d5ed9"}
,"/Users/johnhaupenthal/Projects/RnStarterKit/src/store/hooks.ts": {"path":"/Users/johnhaupenthal/Projects/RnStarterKit/src/store/hooks.ts","statementMap":{"0":{"start":{"line":5,"column":19},"end":{"line":5,"column":49}},"1":{"start":{"line":7,"column":30},"end":{"line":7,"column":56}},"2":{"start":{"line":8,"column":32},"end":{"line":8,"column":59}},"3":{"start":{"line":9,"column":34},"end":{"line":9,"column":58}}},"fnMap":{},"branchMap":{},"s":{"0":3,"1":3,"2":3,"3":3},"f":{},"b":{},"_coverageSchema":"43e27e138ebf9cfc5966b082cf9a028302ed4184","hash":"ec54b562d95644e72294526ecaa8a4612a704391"}
,"/Users/johnhaupenthal/Projects/RnStarterKit/src/store/index.ts": {"path":"/Users/johnhaupenthal/Projects/RnStarterKit/src/store/index.ts","statementMap":{"0":{"start":{"line":4,"column":21},"end":{"line":4,"column":44}}},"fnMap":{},"branchMap":{},"s":{"0":1},"f":{},"b":{},"_coverageSchema":"43e27e138ebf9cfc5966b082cf9a028302ed4184","hash":"6289117338bdf047f1f5c0a40b69bf6eed303979"}
,"/Users/johnhaupenthal/Projects/RnStarterKit/src/store/models/index.ts": {"path":"/Users/johnhaupenthal/Projects/RnStarterKit/src/store/models/index.ts","statementMap":{"0":{"start":{"line":9,"column":38},"end":{"line":12,"column":1}}},"fnMap":{},"branchMap":{},"s":{"0":3},"f":{},"b":{},"_coverageSchema":"43e27e138ebf9cfc5966b082cf9a028302ed4184","hash":"32f35027f1706182251048b0c36ddd0c18fb1d05"}
,"/Users/johnhaupenthal/Projects/RnStarterKit/src/store/models/session.ts": {"path":"/Users/johnhaupenthal/Projects/RnStarterKit/src/store/models/session.ts","statementMap":{"0":{"start":{"line":10,"column":42},"end":{"line":20,"column":1}},"1":{"start":{"line":15,"column":47},"end":{"line":18,"column":5}}},"fnMap":{"0":{"name":"(anonymous_0)","decl":{"start":{"line":15,"column":4},"end":{"line":15,"column":5}},"loc":{"start":{"line":15,"column":47},"end":{"line":18,"column":5}},"line":15}},"branchMap":{},"s":{"0":4,"1":1},"f":{"0":1},"b":{},"_coverageSchema":"43e27e138ebf9cfc5966b082cf9a028302ed4184","hash":"2472c3914d0aa47275a720358bab65ef25e40d8b"}
,"/Users/johnhaupenthal/Projects/RnStarterKit/src/store/models/user.ts": {"path":"/Users/johnhaupenthal/Projects/RnStarterKit/src/store/models/user.ts","statementMap":{"0":{"start":{"line":19,"column":36},"end":{"line":39,"column":1}},"1":{"start":{"line":26,"column":49},"end":{"line":29,"column":7}},"2":{"start":{"line":32,"column":35},"end":{"line":35,"column":7}}},"fnMap":{"0":{"name":"(anonymous_0)","decl":{"start":{"line":26,"column":6},"end":{"line":26,"column":7}},"loc":{"start":{"line":26,"column":49},"end":{"line":29,"column":7}},"line":26},"1":{"name":"(anonymous_1)","decl":{"start":{"line":32,"column":6},"end":{"line":32,"column":7}},"loc":{"start":{"line":32,"column":35},"end":{"line":35,"column":7}},"line":32}},"branchMap":{},"s":{"0":4,"1":1,"2":1},"f":{"0":1,"1":1},"b":{},"_coverageSchema":"43e27e138ebf9cfc5966b082cf9a028302ed4184","hash":"1069de04bec553fd5a1b9aa178a55811ec3f6d0f"}
,"/Users/johnhaupenthal/Projects/RnStarterKit/src/styles/colorPalette.ts": {"path":"/Users/johnhaupenthal/Projects/RnStarterKit/src/styles/colorPalette.ts","statementMap":{},"fnMap":{},"branchMap":{},"s":{},"f":{},"b":{},"_coverageSchema":"43e27e138ebf9cfc5966b082cf9a028302ed4184","hash":"ea1ada9df13094f5f24e062e29c250f58fb2eb9d"}
,"/Users/johnhaupenthal/Projects/RnStarterKit/src/styles/index.ts": {"path":"/Users/johnhaupenthal/Projects/RnStarterKit/src/styles/index.ts","statementMap":{},"fnMap":{},"branchMap":{},"s":{},"f":{},"b":{},"_coverageSchema":"43e27e138ebf9cfc5966b082cf9a028302ed4184","hash":"f18fcae9e3ece21b9a073f1ccbc3d3f5632bc993"}
,"/Users/johnhaupenthal/Projects/RnStarterKit/src/styles/measurements.ts": {"path":"/Users/johnhaupenthal/Projects/RnStarterKit/src/styles/measurements.ts","statementMap":{"0":{"start":{"line":3,"column":29},"end":{"line":3,"column":60}},"1":{"start":{"line":4,"column":28},"end":{"line":4,"column":58}},"2":{"start":{"line":6,"column":30},"end":{"line":6,"column":32}},"3":{"start":{"line":8,"column":2},"end":{"line":8,"column":67}},"4":{"start":{"line":10,"column":29},"end":{"line":10,"column":31}},"5":{"start":{"line":11,"column":35},"end":{"line":11,"column":37}}},"fnMap":{},"branchMap":{},"s":{"0":5,"1":5,"2":5,"3":5,"4":5,"5":5},"f":{},"b":{},"_coverageSchema":"43e27e138ebf9cfc5966b082cf9a028302ed4184","hash":"1df39f3ee31e4644974580cea295276951e7d34a"}
}
