TN:
SF:/Users/johnhaupenthal/Projects/RnStarterKit/src/App.tsx
FN:7,(anonymous_0)
FNF:1
FNH:1
FNDA:1,(anonymous_0)
DA:7,1
DA:8,1
LF:2
LH:2
BRF:0
BRH:0
end_of_record
TN:
SF:/Users/johnhaupenthal/Projects/RnStarterKit/src/components/primitives/AbsoluteContainer.tsx
FN:18,(anonymous_0)
FN:25,(anonymous_1)
FNF:2
FNH:2
FNDA:1,(anonymous_0)
FNDA:4,(anonymous_1)
DA:16,2
DA:18,2
DA:25,1
DA:26,4
DA:27,4
DA:28,0
DA:33,4
DA:35,1
DA:37,1
DA:40,1
DA:47,2
LF:11
LH:10
BRDA:20,0,0,1
BRDA:22,1,0,1
BRDA:27,2,0,0
BRDA:27,2,1,4
BRDA:30,3,0,0
BRDA:30,3,1,0
BRDA:35,4,0,0
BRDA:35,4,1,1
BRDA:37,5,0,1
BRDA:37,5,1,0
BRF:10
BRH:5
end_of_record
TN:
SF:/Users/johnhaupenthal/Projects/RnStarterKit/src/components/primitives/CenteredView.tsx
FN:9,(anonymous_0)
FNF:1
FNH:1
FNDA:1,(anonymous_0)
DA:9,1
DA:10,1
DA:12,1
DA:15,1
LF:4
LH:4
BRDA:10,0,0,0
BRDA:10,0,1,1
BRF:2
BRH:1
end_of_record
TN:
SF:/Users/johnhaupenthal/Projects/RnStarterKit/src/components/primitives/MasterImage.tsx
FN:12,(anonymous_0)
FNF:1
FNH:1
FNDA:2,(anonymous_0)
DA:12,1
DA:18,2
DA:19,1
DA:22,1
DA:24,1
DA:26,1
LF:6
LH:6
BRDA:16,0,0,2
BRDA:18,1,0,1
BRDA:18,1,1,1
BRDA:22,2,0,0
BRDA:22,2,1,1
BRDA:24,3,0,1
BRDA:24,3,1,1
BRDA:26,4,0,0
BRDA:26,4,1,1
BRF:9
BRH:7
end_of_record
TN:
SF:/Users/johnhaupenthal/Projects/RnStarterKit/src/components/primitives/MasterText.tsx
FN:37,(anonymous_0)
FN:47,(anonymous_1)
FNF:2
FNH:2
FNDA:3,(anonymous_0)
FNDA:9,(anonymous_1)
DA:25,2
DA:37,2
DA:40,3
DA:41,1
DA:44,2
DA:45,2
DA:46,2
DA:47,9
DA:49,2
DA:51,2
DA:53,2
DA:60,2
LF:12
LH:12
BRDA:40,0,0,1
BRDA:40,0,1,2
BRF:2
BRH:2
end_of_record
TN:
SF:/Users/johnhaupenthal/Projects/RnStarterKit/src/components/primitives/Row.tsx
FN:18,(anonymous_0)
FN:23,(anonymous_1)
FNF:2
FNH:2
FNDA:3,(anonymous_0)
FNDA:8,(anonymous_1)
DA:16,2
DA:18,2
DA:19,3
DA:20,1
DA:23,2
DA:24,8
DA:25,8
DA:26,4
DA:28,4
DA:31,2
DA:33,2
DA:40,2
DA:47,2
LF:13
LH:13
BRDA:19,0,0,1
BRDA:19,0,1,2
BRDA:25,1,0,4
BRDA:25,1,1,4
BRDA:31,2,0,1
BRDA:31,2,1,1
BRF:6
BRH:6
end_of_record
TN:
SF:/Users/johnhaupenthal/Projects/RnStarterKit/src/components/primitives/Spacer.tsx
FN:23,(anonymous_0)
FNF:1
FNH:0
FNDA:0,(anonymous_0)
DA:23,3
DA:35,0
DA:37,0
DA:42,0
DA:43,0
DA:44,0
DA:45,0
DA:47,0
DA:51,0
DA:55,0
DA:57,0
LF:11
LH:1
BRDA:25,0,0,0
BRDA:26,1,0,0
BRDA:27,2,0,0
BRDA:28,3,0,0
BRDA:37,4,0,0
BRDA:37,4,1,0
BRDA:38,5,0,0
BRDA:38,5,1,0
BRDA:44,6,0,0
BRDA:44,6,1,0
BRDA:44,7,0,0
BRDA:44,7,1,0
BRDA:45,8,0,0
BRDA:45,8,1,0
BRDA:50,9,0,0
BRDA:50,9,1,0
BRDA:55,10,0,0
BRDA:55,10,1,0
BRF:18
BRH:0
end_of_record
TN:
SF:/Users/johnhaupenthal/Projects/RnStarterKit/src/navigation/AppContainer.tsx
FN:13,(anonymous_0)
FN:26,(anonymous_1)
FN:28,(anonymous_2)
FN:30,(anonymous_3)
FN:33,(anonymous_4)
FNF:5
FNH:0
FNDA:0,(anonymous_0)
FNDA:0,(anonymous_1)
FNDA:0,(anonymous_2)
FNDA:0,(anonymous_3)
FNDA:0,(anonymous_4)
DA:13,1
DA:16,0
DA:18,0
DA:20,0
DA:23,0
DA:26,1
DA:27,0
DA:28,0
DA:29,0
DA:30,0
DA:33,0
DA:34,0
DA:35,0
DA:37,0
DA:38,0
DA:40,0
DA:46,0
DA:49,0
LF:18
LH:2
BRDA:16,0,0,0
BRDA:16,0,1,0
BRDA:18,1,0,0
BRDA:18,1,1,0
BRDA:23,2,0,0
BRDA:23,2,1,0
BRDA:34,3,0,0
BRDA:34,3,1,0
BRDA:40,4,0,0
BRDA:40,4,1,0
BRDA:51,5,0,0
BRDA:51,5,1,0
BRDA:53,6,0,0
BRDA:53,6,1,0
BRF:14
BRH:0
end_of_record
TN:
SF:/Users/johnhaupenthal/Projects/RnStarterKit/src/navigation/types.ts
FNF:0
FNH:0
LF:0
LH:0
BRF:0
BRH:0
end_of_record
TN:
SF:/Users/johnhaupenthal/Projects/RnStarterKit/src/navigation/navigators/RootNavigator.tsx
FN:11,(anonymous_0)
FN:16,(anonymous_1)
FN:19,(anonymous_2)
FN:25,(anonymous_3)
FN:57,(anonymous_4)
FNF:5
FNH:0
FNDA:0,(anonymous_0)
FNDA:0,(anonymous_1)
FNDA:0,(anonymous_2)
FNDA:0,(anonymous_3)
FNDA:0,(anonymous_4)
DA:9,1
DA:11,1
DA:12,0
DA:16,0
DA:17,0
DA:19,0
DA:20,0
DA:25,0
DA:26,0
DA:29,0
DA:32,0
DA:57,0
LF:12
LH:2
BRDA:26,0,0,0
BRDA:26,0,1,0
BRDA:26,1,0,0
BRDA:26,1,1,0
BRF:4
BRH:0
end_of_record
TN:
SF:/Users/johnhaupenthal/Projects/RnStarterKit/src/navigation/navigators/TabNavigator.tsx
FN:9,(anonymous_0)
FNF:1
FNH:0
FNDA:0,(anonymous_0)
DA:7,1
DA:9,1
DA:10,0
LF:3
LH:2
BRF:0
BRH:0
end_of_record
TN:
SF:/Users/johnhaupenthal/Projects/RnStarterKit/src/navigation/navigators/TabOneNavigator.tsx
FN:9,(anonymous_0)
FNF:1
FNH:0
FNDA:0,(anonymous_0)
DA:7,1
DA:9,1
DA:10,0
LF:3
LH:2
BRF:0
BRH:0
end_of_record
TN:
SF:/Users/johnhaupenthal/Projects/RnStarterKit/src/navigation/navigators/TabTwoNavigator.tsx
FN:9,(anonymous_0)
FNF:1
FNH:0
FNDA:0,(anonymous_0)
DA:7,1
DA:9,1
DA:10,0
LF:3
LH:2
BRF:0
BRH:0
end_of_record
TN:
SF:/Users/johnhaupenthal/Projects/RnStarterKit/src/screens/login/OnboardingScreen.tsx
FN:12,(anonymous_0)
FN:20,(anonymous_1)
FN:28,(anonymous_2)
FN:30,(anonymous_3)
FN:38,(anonymous_4)
FN:43,(anonymous_5)
FN:50,(anonymous_6)
FN:53,(anonymous_7)
FN:88,(anonymous_8)
FNF:9
FNH:0
FNDA:0,(anonymous_0)
FNDA:0,(anonymous_1)
FNDA:0,(anonymous_2)
FNDA:0,(anonymous_3)
FNDA:0,(anonymous_4)
FNDA:0,(anonymous_5)
FNDA:0,(anonymous_6)
FNDA:0,(anonymous_7)
FNDA:0,(anonymous_8)
DA:12,1
DA:13,0
DA:20,1
DA:21,0
DA:28,1
DA:29,0
DA:30,0
DA:33,0
DA:38,0
DA:43,1
DA:50,0
DA:51,0
DA:53,0
DA:54,0
DA:58,0
DA:59,0
DA:60,0
DA:66,0
DA:72,0
DA:77,0
DA:80,0
DA:88,1
DA:89,0
DA:91,0
DA:109,1
LF:25
LH:6
BRDA:74,0,0,0
BRDA:74,0,1,0
BRF:2
BRH:0
end_of_record
TN:
SF:/Users/johnhaupenthal/Projects/RnStarterKit/src/screens/login/SplashScreen.tsx
FN:5,(anonymous_0)
FN:7,(anonymous_1)
FN:10,(anonymous_2)
FN:12,(anonymous_3)
FN:15,(anonymous_4)
FNF:5
FNH:2
FNDA:1,(anonymous_0)
FNDA:1,(anonymous_1)
FNDA:0,(anonymous_2)
FNDA:0,(anonymous_3)
FNDA:0,(anonymous_4)
DA:5,2
DA:6,1
DA:7,1
DA:10,1
DA:12,0
DA:15,1
DA:16,0
DA:19,1
DA:26,2
LF:9
LH:7
BRF:0
BRH:0
end_of_record
TN:
SF:/Users/johnhaupenthal/Projects/RnStarterKit/src/screens/modals/AModal.tsx
FN:9,(anonymous_0)
FN:14,(anonymous_1)
FN:19,(anonymous_2)
FN:21,(anonymous_3)
FN:33,(anonymous_4)
FN:42,(anonymous_5)
FN:66,(anonymous_6)
FN:77,(anonymous_7)
FNF:8
FNH:0
FNDA:0,(anonymous_0)
FNDA:0,(anonymous_1)
FNDA:0,(anonymous_2)
FNDA:0,(anonymous_3)
FNDA:0,(anonymous_4)
FNDA:0,(anonymous_5)
FNDA:0,(anonymous_6)
FNDA:0,(anonymous_7)
DA:9,2
DA:13,0
DA:14,0
DA:16,0
DA:17,0
DA:19,0
DA:21,0
DA:22,0
DA:23,0
DA:24,0
DA:25,0
DA:26,0
DA:27,0
DA:29,0
DA:33,0
DA:34,0
DA:35,0
DA:36,0
DA:38,0
DA:42,0
DA:43,0
DA:44,0
DA:45,0
DA:46,0
DA:47,0
DA:48,0
DA:50,0
DA:54,0
DA:66,0
DA:77,0
DA:88,2
LF:31
LH:2
BRF:0
BRH:0
end_of_record
TN:
SF:/Users/johnhaupenthal/Projects/RnStarterKit/src/screens/tabOne/AScreen.tsx
FN:5,(anonymous_0)
FN:10,(anonymous_1)
FN:14,(anonymous_2)
FNF:3
FNH:1
FNDA:1,(anonymous_0)
FNDA:0,(anonymous_1)
FNDA:0,(anonymous_2)
DA:5,2
DA:6,1
DA:10,0
DA:15,0
DA:25,2
LF:5
LH:3
BRF:0
BRH:0
end_of_record
TN:
SF:/Users/johnhaupenthal/Projects/RnStarterKit/src/screens/tabOne/BScreen.tsx
FN:5,(anonymous_0)
FN:6,(anonymous_1)
FNF:2
FNH:1
FNDA:1,(anonymous_0)
FNDA:0,(anonymous_1)
DA:5,2
DA:6,1
DA:7,0
DA:11,1
DA:19,2
LF:5
LH:4
BRF:0
BRH:0
end_of_record
TN:
SF:/Users/johnhaupenthal/Projects/RnStarterKit/src/screens/tabTwo/CScreen.tsx
FN:5,(anonymous_0)
FN:6,(anonymous_1)
FNF:2
FNH:1
FNDA:1,(anonymous_0)
FNDA:0,(anonymous_1)
DA:5,2
DA:6,1
DA:8,1
DA:16,2
LF:4
LH:4
BRF:0
BRH:0
end_of_record
TN:
SF:/Users/johnhaupenthal/Projects/RnStarterKit/src/screens/tabTwo/DScreen.tsx
FN:5,(anonymous_0)
FN:6,(anonymous_1)
FNF:2
FNH:1
FNDA:1,(anonymous_0)
FNDA:0,(anonymous_1)
DA:5,2
DA:6,1
DA:7,0
DA:11,1
DA:19,2
LF:5
LH:4
BRF:0
BRH:0
end_of_record
TN:
SF:/Users/johnhaupenthal/Projects/RnStarterKit/src/services/auth0.ts
FN:28,(anonymous_0)
FN:47,(anonymous_1)
FN:53,(anonymous_2)
FNF:3
FNH:0
FNDA:0,(anonymous_0)
FNDA:0,(anonymous_1)
FNDA:0,(anonymous_2)
DA:17,2
DA:28,2
DA:31,0
DA:47,2
DA:48,0
DA:53,2
DA:57,0
LF:7
LH:4
BRF:0
BRH:0
end_of_record
TN:
SF:/Users/johnhaupenthal/Projects/RnStarterKit/src/services/storage.ts
FN:6,(anonymous_0)
FN:12,(anonymous_1)
FN:15,(anonymous_2)
FNF:3
FNH:1
FNDA:15,(anonymous_0)
FNDA:0,(anonymous_1)
FNDA:0,(anonymous_2)
DA:5,4
DA:7,15
DA:8,15
DA:9,9
DA:13,0
DA:16,0
LF:6
LH:4
BRDA:8,0,0,15
BRDA:8,0,1,9
BRF:2
BRH:2
end_of_record
TN:
SF:/Users/johnhaupenthal/Projects/RnStarterKit/src/store/hooks.ts
FNF:0
FNH:0
DA:5,3
DA:7,3
DA:8,3
DA:9,3
LF:4
LH:4
BRF:0
BRH:0
end_of_record
TN:
SF:/Users/johnhaupenthal/Projects/RnStarterKit/src/store/index.ts
FNF:0
FNH:0
DA:4,1
LF:1
LH:1
BRF:0
BRH:0
end_of_record
TN:
SF:/Users/johnhaupenthal/Projects/RnStarterKit/src/store/models/index.ts
FNF:0
FNH:0
DA:9,3
LF:1
LH:1
BRF:0
BRH:0
end_of_record
TN:
SF:/Users/johnhaupenthal/Projects/RnStarterKit/src/store/models/session.ts
FN:15,(anonymous_0)
FNF:1
FNH:1
FNDA:1,(anonymous_0)
DA:10,4
DA:15,1
LF:2
LH:2
BRF:0
BRH:0
end_of_record
TN:
SF:/Users/johnhaupenthal/Projects/RnStarterKit/src/store/models/user.ts
FN:26,(anonymous_0)
FN:32,(anonymous_1)
FNF:2
FNH:2
FNDA:1,(anonymous_0)
FNDA:1,(anonymous_1)
DA:19,4
DA:26,1
DA:32,1
LF:3
LH:3
BRF:0
BRH:0
end_of_record
TN:
SF:/Users/johnhaupenthal/Projects/RnStarterKit/src/styles/colorPalette.ts
FNF:0
FNH:0
LF:0
LH:0
BRF:0
BRH:0
end_of_record
TN:
SF:/Users/johnhaupenthal/Projects/RnStarterKit/src/styles/index.ts
FNF:0
FNH:0
LF:0
LH:0
BRF:0
BRH:0
end_of_record
TN:
SF:/Users/johnhaupenthal/Projects/RnStarterKit/src/styles/measurements.ts
FNF:0
FNH:0
DA:3,5
DA:4,5
DA:6,5
DA:8,5
DA:10,5
DA:11,5
LF:6
LH:6
BRF:0
BRH:0
end_of_record
